# JRE version: OpenJDK Runtime Environment Temurin-11.0.14.1+1 (11.0.14.1+1) (build 11.0.14.1+1)
# Java VM: OpenJDK 64-Bit Server VM Temurin-11.0.14.1+1 (11.0.14.1+1, mixed mode, tiered, compressed oops, g1 gc, windows-amd64)
Heap:
 garbage-first heap   total 189440K, used 39697K [0x0000000081c00000, 0x0000000100000000)
  region size 1024K, 18 young (18432K), 6 survivors (6144K)
 Metaspace       used 67196K, capacity 69224K, committed 69424K, reserved 1110016K
  class space    used 8435K, capacity 9222K, committed 9344K, reserved 1048576K
GC Heap History (20 events):
Event: 3.226 GC heap before
{Heap before GC invocations=3 (full 0):
 garbage-first heap   total 131072K, used 57393K [0x0000000081c00000, 0x0000000100000000)
  region size 1024K, 51 young (52224K), 2 survivors (2048K)
 Metaspace       used 20571K, capacity 21167K, committed 21296K, reserved 1069056K
  class space    used 2138K, capacity 2349K, committed 2432K, reserved 1048576K
}
Event: 3.235 GC heap after
{Heap after GC invocations=4 (full 0):
 garbage-first heap   total 131072K, used 9845K [0x0000000081c00000, 0x0000000100000000)
  region size 1024K, 3 young (3072K), 3 survivors (3072K)
 Metaspace       used 20571K, capacity 21167K, committed 21296K, reserved 1069056K
  class space    used 2138K, capacity 2349K, committed 2432K, reserved 1048576K
}
Event: 4.075 GC heap before
{Heap before GC invocations=5 (full 0):
 garbage-first heap   total 131072K, used 84597K [0x0000000081c00000, 0x0000000100000000)
  region size 1024K, 76 young (77824K), 3 survivors (3072K)
 Metaspace       used 27887K, capacity 28809K, committed 28976K, reserved 1075200K
  class space    used 3056K, capacity 3390K, committed 3456K, reserved 1048576K
}
Event: 4.082 GC heap after
{Heap after GC invocations=6 (full 0):
 garbage-first heap   total 131072K, used 11655K [0x0000000081c00000, 0x0000000100000000)
  region size 1024K, 5 young (5120K), 5 survivors (5120K)
 Metaspace       used 27887K, capacity 28809K, committed 28976K, reserved 1075200K
  class space    used 3056K, capacity 3390K, committed 3456K, reserved 1048576K
}
Event: 4.895 GC heap before
{Heap before GC invocations=6 (full 0):
 garbage-first heap   total 131072K, used 83335K [0x0000000081c00000, 0x0000000100000000)
  region size 1024K, 76 young (77824K), 5 survivors (5120K)
 Metaspace       used 32340K, capacity 33376K, committed 33456K, reserved 1079296K
  class space    used 3609K, capacity 4018K, committed 4096K, reserved 1048576K
}
Event: 4.904 GC heap after
{Heap after GC invocations=7 (full 0):
 garbage-first heap   total 131072K, used 13275K [0x0000000081c00000, 0x0000000100000000)
  region size 1024K, 6 young (6144K), 6 survivors (6144K)
 Metaspace       used 32340K, capacity 33376K, committed 33456K, reserved 1079296K
  class space    used 3609K, capacity 4018K, committed 4096K, reserved 1048576K
}
Event: 5.417 GC heap before
{Heap before GC invocations=7 (full 0):
 garbage-first heap   total 131072K, used 47067K [0x0000000081c00000, 0x0000000100000000)
  region size 1024K, 40 young (40960K), 6 survivors (6144K)
 Metaspace       used 34624K, capacity 35735K, committed 35888K, reserved 1081344K
  class space    used 3928K, capacity 4374K, committed 4480K, reserved 1048576K
}
Event: 5.429 GC heap after
{Heap after GC invocations=8 (full 0):
 garbage-first heap   total 131072K, used 14199K [0x0000000081c00000, 0x0000000100000000)
  region size 1024K, 6 young (6144K), 6 survivors (6144K)
 Metaspace       used 34624K, capacity 35735K, committed 35888K, reserved 1081344K
  class space    used 3928K, capacity 4374K, committed 4480K, reserved 1048576K
}
Event: 6.507 GC heap before
{Heap before GC invocations=9 (full 0):
 garbage-first heap   total 131072K, used 82807K [0x0000000081c00000, 0x0000000100000000)
  region size 1024K, 73 young (74752K), 6 survivors (6144K)
 Metaspace       used 39970K, capacity 41213K, committed 41392K, reserved 1085440K
  class space    used 4599K, capacity 5107K, committed 5120K, reserved 1048576K
}
Event: 6.517 GC heap after
{Heap after GC invocations=10 (full 0):
 garbage-first heap   total 131072K, used 17064K [0x0000000081c00000, 0x0000000100000000)
  region size 1024K, 8 young (8192K), 8 survivors (8192K)
 Metaspace       used 39970K, capacity 41213K, committed 41392K, reserved 1085440K
  class space    used 4599K, capacity 5107K, committed 5120K, reserved 1048576K
}
Event: 7.337 GC heap before
{Heap before GC invocations=10 (full 0):
 garbage-first heap   total 131072K, used 85672K [0x0000000081c00000, 0x0000000100000000)
  region size 1024K, 75 young (76800K), 8 survivors (8192K)
 Metaspace       used 45201K, capacity 46609K, committed 46768K, reserved 1089536K
  class space    used 5302K, capacity 5865K, committed 5888K, reserved 1048576K
}
Event: 7.352 GC heap after
{Heap after GC invocations=11 (full 0):
 garbage-first heap   total 157696K, used 19911K [0x0000000081c00000, 0x0000000100000000)
  region size 1024K, 7 young (7168K), 7 survivors (7168K)
 Metaspace       used 45201K, capacity 46609K, committed 46768K, reserved 1089536K
  class space    used 5302K, capacity 5865K, committed 5888K, reserved 1048576K
}
Event: 8.459 GC heap before
{Heap before GC invocations=11 (full 0):
 garbage-first heap   total 157696K, used 101831K [0x0000000081c00000, 0x0000000100000000)
  region size 1024K, 87 young (89088K), 7 survivors (7168K)
 Metaspace       used 52384K, capacity 53827K, committed 54064K, reserved 1095680K
  class space    used 6401K, capacity 6970K, committed 7040K, reserved 1048576K
}
Event: 8.471 GC heap after
{Heap after GC invocations=12 (full 0):
 garbage-first heap   total 157696K, used 21030K [0x0000000081c00000, 0x0000000100000000)
  region size 1024K, 7 young (7168K), 7 survivors (7168K)
 Metaspace       used 52384K, capacity 53827K, committed 54064K, reserved 1095680K
  class space    used 6401K, capacity 6970K, committed 7040K, reserved 1048576K
}
Event: 9.484 GC heap before
{Heap before GC invocations=12 (full 0):
 garbage-first heap   total 157696K, used 106022K [0x0000000081c00000, 0x0000000100000000)
  region size 1024K, 91 young (93184K), 7 survivors (7168K)
 Metaspace       used 58389K, capacity 60053K, committed 60208K, reserved 1101824K
  class space    used 7296K, capacity 7950K, committed 8064K, reserved 1048576K
}
Event: 9.499 GC heap after
{Heap after GC invocations=13 (full 0):
 garbage-first heap   total 157696K, used 23184K [0x0000000081c00000, 0x0000000100000000)
  region size 1024K, 7 young (7168K), 7 survivors (7168K)
 Metaspace       used 58389K, capacity 60053K, committed 60208K, reserved 1101824K
  class space    used 7296K, capacity 7950K, committed 8064K, reserved 1048576K
}
Event: 10.752 GC heap before
{Heap before GC invocations=14 (full 0):
 garbage-first heap   total 157696K, used 110224K [0x0000000081c00000, 0x0000000100000000)
  region size 1024K, 92 young (94208K), 7 survivors (7168K)
 Metaspace       used 62608K, capacity 64503K, committed 64560K, reserved 1105920K
  class space    used 7839K, capacity 8570K, committed 8576K, reserved 1048576K
}
Event: 10.763 GC heap after
{Heap after GC invocations=15 (full 0):
 garbage-first heap   total 157696K, used 26967K [0x0000000081c00000, 0x0000000100000000)
  region size 1024K, 10 young (10240K), 10 survivors (10240K)
 Metaspace       used 62608K, capacity 64503K, committed 64560K, reserved 1105920K
  class space    used 7839K, capacity 8570K, committed 8576K, reserved 1048576K
}
Event: 12.105 GC heap before
{Heap before GC invocations=15 (full 0):
 garbage-first heap   total 157696K, used 110935K [0x0000000081c00000, 0x0000000100000000)
  region size 1024K, 92 young (94208K), 10 survivors (10240K)
 Metaspace       used 66079K, capacity 68054K, committed 68144K, reserved 1107968K
  class space    used 8320K, capacity 9088K, committed 9088K, reserved 1048576K
}
Event: 12.122 GC heap after
{Heap after GC invocations=16 (full 0):
 garbage-first heap   total 189440K, used 28433K [0x0000000081c00000, 0x0000000100000000)
  region size 1024K, 6 young (6144K), 6 survivors (6144K)
 Metaspace       used 66079K, capacity 68054K, committed 68144K, reserved 1107968K
  class space    used 8320K, capacity 9088K, committed 9088K, reserved 1048576K
}

